<?xml version="1.0" encoding="UTF-8"?>
<!-- Generated by org.testng.reporters.JUnitXMLReporter -->
<testsuite hostname="HP" name="Task 5 [Android]" tests="2" failures="1" timestamp="4 Dec 2017 19:27:54 GMT" time="7.152" errors="0">
  <testcase name="checkSiteVersion" time="6.141" classname="myprojects.automation.assignment5.tests.PlaceOrderTest"/>
  <testcase name="createNewOrder" time="0.975" classname="myprojects.automation.assignment5.tests.PlaceOrderTest">
    <failure type="java.lang.IndexOutOfBoundsException" message="Index: 11, Size: 9">
      <![CDATA[java.lang.IndexOutOfBoundsException: Index: 11, Size: 9
	at java.util.ArrayList.rangeCheck(Unknown Source)
	at java.util.ArrayList.get(Unknown Source)
	at myprojects.automation.assignment5.tests.PlaceOrderTest.clickRandomProduct(PlaceOrderTest.java:112)
	at myprojects.automation.assignment5.tests.PlaceOrderTest.createNewOrder(PlaceOrderTest.java:91)
	at java.util.concurrent.FutureTask.run(Unknown Source)
	at java.util.concurrent.ThreadPoolExecutor.runWorker(Unknown Source)
	at java.util.concurrent.ThreadPoolExecutor$Worker.run(Unknown Source)
	at java.lang.Thread.run(Unknown Source)
... Removed 16 stack frames]]>
    </failure>
  </testcase> <!-- createNewOrder -->
</testsuite> <!-- Task 5 [Android] -->
